\BOOKMARK [1][-]{section.1}{Introduction}{}% 1
\BOOKMARK [2][-]{subsection.1.1}{Our idea: The TamaDolphin}{section.1}% 2
\BOOKMARK [1][-]{section.2}{Target groups and User Need}{}% 3
\BOOKMARK [2][-]{subsection.2.1}{Main Target Groups}{section.2}% 4
\BOOKMARK [2][-]{subsection.2.2}{Context and Needs addressed:}{section.2}% 5
\BOOKMARK [2][-]{subsection.2.3}{Goals}{section.2}% 6
\BOOKMARK [2][-]{subsection.2.4}{Requirements}{section.2}% 7
\BOOKMARK [2][-]{subsection.2.5}{Constraints}{section.2}% 8
\BOOKMARK [1][-]{section.3}{State of the art}{}% 9
\BOOKMARK [2][-]{subsection.3.1}{Autistic children}{section.3}% 10
\BOOKMARK [2][-]{subsection.3.2}{Therapeutic activities}{section.3}% 11
\BOOKMARK [2][-]{subsection.3.3}{Relationship between technologies and autism}{section.3}% 12
\BOOKMARK [2][-]{subsection.3.4}{Analysis of similar projects}{section.3}% 13
\BOOKMARK [1][-]{section.4}{Solution \205 UX Design}{}% 14
\BOOKMARK [2][-]{subsection.4.1}{Introduction}{section.4}% 15
\BOOKMARK [2][-]{subsection.4.2}{Our user interfaces}{section.4}% 16
\BOOKMARK [3][-]{subsubsection.4.2.1}{3D Dolphin model}{subsection.4.2}% 17
\BOOKMARK [3][-]{subsubsection.4.2.2}{SAM dolphin}{subsection.4.2}% 18
\BOOKMARK [2][-]{subsection.4.3}{User experience:}{section.4}% 19
\BOOKMARK [3][-]{subsubsection.4.3.1}{VR User Experience}{subsection.4.3}% 20
\BOOKMARK [3][-]{subsubsection.4.3.2}{Sam User Experience}{subsection.4.3}% 21
\BOOKMARK [3][-]{subsubsection.4.3.3}{Therapist Experience}{subsection.4.3}% 22
\BOOKMARK [2][-]{subsection.4.4}{Scenarios}{section.4}% 23
\BOOKMARK [1][-]{section.5}{Solution - Game Logic}{}% 24
\BOOKMARK [2][-]{subsection.5.1}{Introduction}{section.5}% 25
\BOOKMARK [2][-]{subsection.5.2}{Input and Feedback Management}{section.5}% 26
\BOOKMARK [3][-]{subsubsection.5.2.1}{Feedback of the First Round Phase}{subsection.5.2}% 27
\BOOKMARK [3][-]{subsubsection.5.2.2}{Feedback of the Second Round Phase}{subsection.5.2}% 28
\BOOKMARK [2][-]{subsection.5.3}{Representation of the Need}{section.5}% 29
\BOOKMARK [2][-]{subsection.5.4}{Representation of Food desire}{section.5}% 30
\BOOKMARK [2][-]{subsection.5.5}{Rounds Game Management}{section.5}% 31
\BOOKMARK [3][-]{subsubsection.5.5.1}{Round-based division}{subsection.5.5}% 32
\BOOKMARK [3][-]{subsubsection.5.5.2}{Two Phases of each Round}{subsection.5.5}% 33
\BOOKMARK [3][-]{subsubsection.5.5.3}{Exchange of technologies}{subsection.5.5}% 34
\BOOKMARK [1][-]{section.6}{Implementation}{}% 35
\BOOKMARK [2][-]{subsection.6.1}{High-level Diagram}{section.6}% 36
\BOOKMARK [2][-]{subsection.6.2}{UML}{section.6}% 37
\BOOKMARK [2][-]{subsection.6.3}{Deployment Diagram}{section.6}% 38
\BOOKMARK [2][-]{subsection.6.4}{SW Architecture}{section.6}% 39
\BOOKMARK [3][-]{subsubsection.6.4.1}{Mobile device}{subsection.6.4}% 40
\BOOKMARK [3][-]{subsubsection.6.4.2}{Website}{subsection.6.4}% 41
\BOOKMARK [1][-]{section.7}{Critical reflection on our work}{}% 42
\BOOKMARK [1][-]{section.8}{Future work}{}% 43
\BOOKMARK [1][-]{section.9}{Bibliography}{}% 44
\BOOKMARK [1][-]{section.10}{Appendix}{}% 45
\BOOKMARK [2][-]{subsection.10.1}{Software Used}{section.10}% 46
\BOOKMARK [2][-]{subsection.10.2}{Objects Used}{section.10}% 47
